<?xml version="1.0" encoding="UTF-8" standalone="yes"?>
<ns2:test-suite start="1569233185837" stop="1569233199463" version="1.5.4" xmlns:ns2="urn:model.allure.qatools.yandex.ru">
    <name>Suite : TestDebug</name>
    <title>Suite : TestDebug</title>
    <test-cases>
        <test-case start="1569233185918" stop="1569233197123" status="broken">
            <name>success[此用例成功发布一条租房房源,{hopeMessage=24小时内审核，通过后可置顶。, rentPayType=押一付三, rentType=合租, rentPersonLimitSpan=租赁限制, icebox2=可做饭, icebox1=暖气, kitchenroom=1, fitment=简装, rentPersonLimit=性别不限, file=C:\\Users\\wuxh5\\Desktop\\showPicture.jpg, livingroom=1, caseName=此用例成功发布一条租房房源, floor=6, rentPrice=9800, rentPayTypeSpan=付款方式, supportLiftSpan=有无电梯, bathroom=1, supportLift=有, orientation=东, hopeView=true, houseType=住宅, supportHeating=自采暖, rentFamilyNum=2, sourceTitle=发布租房房源成功1, houseTypeSpan=物业类型, fitmentSpan=装修程度, buildArea=98, bedroom=2, visitType=随时看房, orientationSpan=朝向, lpName=早安北京, sourceDesc=测试自动化发布租房房源测试自动化发布租房房源, totalFloor=9, supportHeatingSpan=供暖情况}]</name>
            <failure>
                <message>NoSuchElementException: no such element: Unable to locate element: {"method":"xpath","selector":"/html/body/div[4]/div[1]/ul/li[3]/div"}
  (Session info: chrome=77.0.3865.90)
For documentation on this error, please visit: https://www.seleniumhq.org/exceptions/no_such_element.html
Build info: version: '3.141.59', revision: 'e82be7d358', time: '2018-11-14T08:17:03'
System info: host: 'DESKTOPWUXH', ip: '172.17.25.156', os.name: 'Windows 10', os.arch: 'amd64', os.version: '10.0', java.version: '1.8.0_73'
Driver info: org.openqa.selenium.chrome.ChromeDriver
Capabilities {acceptInsecureCerts: false, browserName: chrome, browserVersion: 77.0.3865.90, chrome: {chromedriverVersion: 76.0.3809.25 (a0c95f440512e..., userDataDir: C:\Users\wuxh5\AppData\Loca...}, goog:chromeOptions: {debuggerAddress: localhost:49177}, javascriptEnabled: true, networkConnectionEnabled: false, pageLoadStrategy: normal, platform: XP, platformName: XP, proxy: Proxy(), setWindowRect: true, strictFileInteractability: false, timeouts: {implicit: 0, pageLoad: 300000, script: 30000}, unhandledPromptBehavior: dismiss and notify}
Session ID: cc569d08bcfef5444a28e98cd2b60bf5
*** Element info: {Using=xpath, value=/html/body/div[4]/div[1]/ul/li[3]/div}</message>
                <stack-trace>org.openqa.selenium.NoSuchElementException: no such element: Unable to locate element: {"method":"xpath","selector":"/html/body/div[4]/div[1]/ul/li[3]/div"}
  (Session info: chrome=77.0.3865.90)
For documentation on this error, please visit: https://www.seleniumhq.org/exceptions/no_such_element.html
Build info: version: '3.141.59', revision: 'e82be7d358', time: '2018-11-14T08:17:03'
System info: host: 'DESKTOPWUXH', ip: '172.17.25.156', os.name: 'Windows 10', os.arch: 'amd64', os.version: '10.0', java.version: '1.8.0_73'
Driver info: org.openqa.selenium.chrome.ChromeDriver
Capabilities {acceptInsecureCerts: false, browserName: chrome, browserVersion: 77.0.3865.90, chrome: {chromedriverVersion: 76.0.3809.25 (a0c95f440512e..., userDataDir: C:\Users\wuxh5\AppData\Loca...}, goog:chromeOptions: {debuggerAddress: localhost:49177}, javascriptEnabled: true, networkConnectionEnabled: false, pageLoadStrategy: normal, platform: XP, platformName: XP, proxy: Proxy(), setWindowRect: true, strictFileInteractability: false, timeouts: {implicit: 0, pageLoad: 300000, script: 30000}, unhandledPromptBehavior: dismiss and notify}
Session ID: cc569d08bcfef5444a28e98cd2b60bf5
*** Element info: {Using=xpath, value=/html/body/div[4]/div[1]/ul/li[3]/div}
	at org.openqa.selenium.remote.http.W3CHttpResponseCodec.createException(W3CHttpResponseCodec.java:187)
	at org.openqa.selenium.remote.http.W3CHttpResponseCodec.decode(W3CHttpResponseCodec.java:122)
	at org.openqa.selenium.remote.http.W3CHttpResponseCodec.decode(W3CHttpResponseCodec.java:49)
	at org.openqa.selenium.remote.HttpCommandExecutor.execute(HttpCommandExecutor.java:158)
	at org.openqa.selenium.remote.service.DriverCommandExecutor.execute(DriverCommandExecutor.java:83)
	at org.openqa.selenium.remote.RemoteWebDriver.execute(RemoteWebDriver.java:552)
	at org.openqa.selenium.remote.RemoteWebDriver.findElement(RemoteWebDriver.java:323)
	at org.openqa.selenium.remote.RemoteWebDriver.findElementByXPath(RemoteWebDriver.java:428)
	at org.openqa.selenium.By$ByXPath.findElement(By.java:353)
	at org.openqa.selenium.remote.RemoteWebDriver.findElement(RemoteWebDriver.java:315)
	at page.agent.AgentRent_Add.rent_add(AgentRent_Add.java:21)
	at testCase.agent.rent.Success.success(Success.java:20)
</stack-trace>
            </failure>
            <steps/>
            <attachments/>
            <labels>
                <label name="testSuite" value="Suite"/>
                <label name="testGroup" value="TestDebug"/>
                <label name="testClass" value="testCase.agent.rent.Success"/>
                <label name="testMethod" value="success"/>
                <label name="host" value="DESKTOPwuxh"/>
                <label name="thread" value="9932@DESKTOPwuxh.pool-1-thread-2(21)"/>
            </labels>
        </test-case>
        <test-case start="1569233185918" stop="1569233199445" status="passed">
            <name>login_success[null,{password=qwe123, username=15694928508}]</name>
            <steps/>
            <attachments/>
            <labels>
                <label name="testSuite" value="Suite"/>
                <label name="testGroup" value="TestDebug"/>
                <label name="testClass" value="testCase.agent.rent.Login"/>
                <label name="testMethod" value="login_success"/>
                <label name="host" value="DESKTOPwuxh"/>
                <label name="thread" value="9932@DESKTOPwuxh.pool-1-thread-1(20)"/>
            </labels>
        </test-case>
    </test-cases>
    <labels>
        <label name="framework" value="TestNG"/>
        <label name="language" value="JAVA"/>
    </labels>
</ns2:test-suite>
